状态 48 conflicts: 1 shift/reduce


语法

    0 $accept: Program $end

    1 Program: ExtDefList

    2 ExtDefList: ExtDef ExtDefList
    3           | /* 空 */

    4 ExtDef: Specifier ExtDecList SEMI
    5       | Specifier ExtDecList error SEMI
    6       | Specifier ExtDecList error
    7       | Specifier SEMI
    8       | Specifier error
    9       | Specifier FunDec CompSt
   10       | Specifier FunDec error LC
   11       | Specifier FunDec error RC
   12       | Specifier FunDec CompSt error

   13 ExtDecList: VarDec
   14           | VarDec COMMA ExtDecList

   15 Specifier: TYPE
   16          | StructSpecifier

   17 StructSpecifier: STRUCT OptTag LC DefList RC
   18                | STRUCT Tag
   19                | STRUCT error
   20                | STRUCT OptTag LC DefList error

   21 OptTag: ID
   22       | /* 空 */

   23 Tag: ID

   24 VarDec: ID
   25       | VarDec LB INT RB

   26 FunDec: ID LP VarList RP
   27       | ID LP RP
   28       | ID LP VarList error

   29 VarList: ParamDec COMMA VarList
   30        | ParamDec

   31 ParamDec: Specifier VarDec

   32 CompSt: LC DefList StmtList RC

   33 StmtList: Stmt StmtList
   34         | /* 空 */

   35 Stmt: Exp SEMI
   36     | error RC
   37     | CompSt
   38     | RETURN Exp SEMI
   39     | RETURN Exp error
   40     | IF LP Exp RP Stmt
   41     | IF LP Exp RP Stmt ELSE Stmt
   42     | IF LP Exp error Stmt ELSE Stmt
   43     | WHILE LP Exp RP Stmt
   44     | WHILE LP Exp error Stmt
   45     | error SEMI

   46 DefList: Def DefList
   47        | /* 空 */

   48 Def: Specifier DecList SEMI
   49    | Specifier error DecList SEMI
   50    | Specifier DecList error SEMI

   51 DecList: Dec
   52        | Dec COMMA DecList
   53        | Dec error

   54 Dec: VarDec
   55    | VarDec ASSIGNOP Exp
   56    | LB error ASSIGNOP
   57    | VarDec ASSIGNOP error SEMI

   58 Exp: Exp ASSIGNOP Exp
   59    | Exp AND Exp
   60    | Exp OR Exp
   61    | Exp RELOP Exp
   62    | Exp PLUS Exp
   63    | Exp MINUS Exp
   64    | Exp STAR Exp
   65    | Exp DIV Exp
   66    | LP Exp RP
   67    | MINUS Exp
   68    | NOT Exp
   69    | ID LP Args RP
   70    | ID LP RP
   71    | ID LP error
   72    | Exp LB Exp RB
   73    | Exp DOT ID
   74    | ID
   75    | INT
   76    | FLOAT

   77 Args: Exp COMMA Args
   78     | Exp
   79     | Exp error


Terminals, with rules where they appear

$end (0) 0
error (256) 5 6 8 10 11 12 19 20 28 36 39 42 44 45 49 50 53 56 57 71
    79
INT (258) 25 75
FLOAT (259) 76
ID (260) 21 23 24 26 27 28 69 70 71 73 74
PLUS (261) 62
MINUS (262) 63 67
STAR (263) 64
DIV (264) 65
AND (265) 59
OR (266) 60
NOT (267) 68
DOT (268) 73
RELOP (269) 61
SEMI (270) 4 5 7 35 38 45 48 49 50 57
COMMA (271) 14 29 52 77
ASSIGNOP (272) 55 56 57 58
LP (273) 26 27 28 40 41 42 43 44 66 69 70 71
RP (274) 26 27 40 41 43 66 69 70
LB (275) 25 56 72
RB (276) 25 72
LC (277) 10 17 20 32
RC (278) 11 17 32 36
TYPE (279) 15
STRUCT (280) 17 18 19 20
RETURN (281) 38 39
IF (282) 40 41 42
ELSE (283) 41 42
WHILE (284) 43 44
LOWER_THAN_ELSE (285)


Nonterminals, with rules where they appear

$accept (31)
    左： 0
Program (32)
    左： 1, 右： 0
ExtDefList (33)
    左： 2 3, 右： 1 2
ExtDef (34)
    左： 4 5 6 7 8 9 10 11 12, 右： 2
ExtDecList (35)
    左： 13 14, 右： 4 5 6 14
Specifier (36)
    左： 15 16, 右： 4 5 6 7 8 9 10 11 12 31 48 49 50
StructSpecifier (37)
    左： 17 18 19 20, 右： 16
OptTag (38)
    左： 21 22, 右： 17 20
Tag (39)
    左： 23, 右： 18
VarDec (40)
    左： 24 25, 右： 13 14 25 31 54 55 57
FunDec (41)
    左： 26 27 28, 右： 9 10 11 12
VarList (42)
    左： 29 30, 右： 26 28 29
ParamDec (43)
    左： 31, 右： 29 30
CompSt (44)
    左： 32, 右： 9 12 37
StmtList (45)
    左： 33 34, 右： 32 33
Stmt (46)
    左： 35 36 37 38 39 40 41 42 43 44 45, 右： 33 40 41 42 43
    44
DefList (47)
    左： 46 47, 右： 17 20 32 46
Def (48)
    左： 48 49 50, 右： 46
DecList (49)
    左： 51 52 53, 右： 48 49 50 52
Dec (50)
    左： 54 55 56 57, 右： 51 52 53
Exp (51)
    左： 58 59 60 61 62 63 64 65 66 67 68 69 70 71 72 73 74 75 76,
    右： 35 38 39 40 41 42 43 44 55 58 59 60 61 62 63 64 65 66 67
    68 72 73 77 78 79
Args (52)
    左： 77 78 79, 右： 69 77


状态 0

    0 $accept: . Program $end

    TYPE    shift, and go to state 1
    STRUCT  shift, and go to state 2

    $default  reduce using rule 3 (ExtDefList)

    Program          转到状态 3
    ExtDefList       转到状态 4
    ExtDef           转到状态 5
    Specifier        转到状态 6
    StructSpecifier  转到状态 7


状态 1

   15 Specifier: TYPE .

    $default  reduce using rule 15 (Specifier)


状态 2

   17 StructSpecifier: STRUCT . OptTag LC DefList RC
   18                | STRUCT . Tag
   19                | STRUCT . error
   20                | STRUCT . OptTag LC DefList error

    error  shift, and go to state 8
    ID     shift, and go to state 9

    LC  reduce using rule 22 (OptTag)

    OptTag  转到状态 10
    Tag     转到状态 11


状态 3

    0 $accept: Program . $end

    $end  shift, and go to state 12


状态 4

    1 Program: ExtDefList .

    $default  reduce using rule 1 (Program)


状态 5

    2 ExtDefList: ExtDef . ExtDefList

    TYPE    shift, and go to state 1
    STRUCT  shift, and go to state 2

    $default  reduce using rule 3 (ExtDefList)

    ExtDefList       转到状态 13
    ExtDef           转到状态 5
    Specifier        转到状态 6
    StructSpecifier  转到状态 7


状态 6

    4 ExtDef: Specifier . ExtDecList SEMI
    5       | Specifier . ExtDecList error SEMI
    6       | Specifier . ExtDecList error
    7       | Specifier . SEMI
    8       | Specifier . error
    9       | Specifier . FunDec CompSt
   10       | Specifier . FunDec error LC
   11       | Specifier . FunDec error RC
   12       | Specifier . FunDec CompSt error

    error  shift, and go to state 14
    ID     shift, and go to state 15
    SEMI   shift, and go to state 16

    ExtDecList  转到状态 17
    VarDec      转到状态 18
    FunDec      转到状态 19


状态 7

   16 Specifier: StructSpecifier .

    $default  reduce using rule 16 (Specifier)


状态 8

   19 StructSpecifier: STRUCT error .

    $default  reduce using rule 19 (StructSpecifier)


状态 9

   21 OptTag: ID .
   23 Tag: ID .

    LC        reduce using rule 21 (OptTag)
    $default  reduce using rule 23 (Tag)


状态 10

   17 StructSpecifier: STRUCT OptTag . LC DefList RC
   20                | STRUCT OptTag . LC DefList error

    LC  shift, and go to state 20


状态 11

   18 StructSpecifier: STRUCT Tag .

    $default  reduce using rule 18 (StructSpecifier)


状态 12

    0 $accept: Program $end .

    $default  接受


状态 13

    2 ExtDefList: ExtDef ExtDefList .

    $default  reduce using rule 2 (ExtDefList)


状态 14

    8 ExtDef: Specifier error .

    $default  reduce using rule 8 (ExtDef)


状态 15

   24 VarDec: ID .
   26 FunDec: ID . LP VarList RP
   27       | ID . LP RP
   28       | ID . LP VarList error

    LP  shift, and go to state 21

    $default  reduce using rule 24 (VarDec)


状态 16

    7 ExtDef: Specifier SEMI .

    $default  reduce using rule 7 (ExtDef)


状态 17

    4 ExtDef: Specifier ExtDecList . SEMI
    5       | Specifier ExtDecList . error SEMI
    6       | Specifier ExtDecList . error

    error  shift, and go to state 22
    SEMI   shift, and go to state 23


状态 18

   13 ExtDecList: VarDec .
   14           | VarDec . COMMA ExtDecList
   25 VarDec: VarDec . LB INT RB

    COMMA  shift, and go to state 24
    LB     shift, and go to state 25

    $default  reduce using rule 13 (ExtDecList)


状态 19

    9 ExtDef: Specifier FunDec . CompSt
   10       | Specifier FunDec . error LC
   11       | Specifier FunDec . error RC
   12       | Specifier FunDec . CompSt error

    error  shift, and go to state 26
    LC     shift, and go to state 27

    CompSt  转到状态 28


状态 20

   17 StructSpecifier: STRUCT OptTag LC . DefList RC
   20                | STRUCT OptTag LC . DefList error

    TYPE    shift, and go to state 1
    STRUCT  shift, and go to state 2

    $default  reduce using rule 47 (DefList)

    Specifier        转到状态 29
    StructSpecifier  转到状态 7
    DefList          转到状态 30
    Def              转到状态 31


状态 21

   26 FunDec: ID LP . VarList RP
   27       | ID LP . RP
   28       | ID LP . VarList error

    RP      shift, and go to state 32
    TYPE    shift, and go to state 1
    STRUCT  shift, and go to state 2

    Specifier        转到状态 33
    StructSpecifier  转到状态 7
    VarList          转到状态 34
    ParamDec         转到状态 35


状态 22

    5 ExtDef: Specifier ExtDecList error . SEMI
    6       | Specifier ExtDecList error .

    SEMI  shift, and go to state 36

    $default  reduce using rule 6 (ExtDef)


状态 23

    4 ExtDef: Specifier ExtDecList SEMI .

    $default  reduce using rule 4 (ExtDef)


状态 24

   14 ExtDecList: VarDec COMMA . ExtDecList

    ID  shift, and go to state 37

    ExtDecList  转到状态 38
    VarDec      转到状态 18


状态 25

   25 VarDec: VarDec LB . INT RB

    INT  shift, and go to state 39


状态 26

   10 ExtDef: Specifier FunDec error . LC
   11       | Specifier FunDec error . RC

    LC  shift, and go to state 40
    RC  shift, and go to state 41


状态 27

   32 CompSt: LC . DefList StmtList RC

    TYPE    shift, and go to state 1
    STRUCT  shift, and go to state 2

    $default  reduce using rule 47 (DefList)

    Specifier        转到状态 29
    StructSpecifier  转到状态 7
    DefList          转到状态 42
    Def              转到状态 31


状态 28

    9 ExtDef: Specifier FunDec CompSt .
   12       | Specifier FunDec CompSt . error

    error  shift, and go to state 43

    $end    reduce using rule 9 (ExtDef)
    TYPE    reduce using rule 9 (ExtDef)
    STRUCT  reduce using rule 9 (ExtDef)


状态 29

   48 Def: Specifier . DecList SEMI
   49    | Specifier . error DecList SEMI
   50    | Specifier . DecList error SEMI

    error  shift, and go to state 44
    ID     shift, and go to state 37
    LB     shift, and go to state 45

    VarDec   转到状态 46
    DecList  转到状态 47
    Dec      转到状态 48


状态 30

   17 StructSpecifier: STRUCT OptTag LC DefList . RC
   20                | STRUCT OptTag LC DefList . error

    error  shift, and go to state 49
    RC     shift, and go to state 50


状态 31

   46 DefList: Def . DefList

    TYPE    shift, and go to state 1
    STRUCT  shift, and go to state 2

    $default  reduce using rule 47 (DefList)

    Specifier        转到状态 29
    StructSpecifier  转到状态 7
    DefList          转到状态 51
    Def              转到状态 31


状态 32

   27 FunDec: ID LP RP .

    $default  reduce using rule 27 (FunDec)


状态 33

   31 ParamDec: Specifier . VarDec

    ID  shift, and go to state 37

    VarDec  转到状态 52


状态 34

   26 FunDec: ID LP VarList . RP
   28       | ID LP VarList . error

    error  shift, and go to state 53
    RP     shift, and go to state 54


状态 35

   29 VarList: ParamDec . COMMA VarList
   30        | ParamDec .

    COMMA  shift, and go to state 55

    $default  reduce using rule 30 (VarList)


状态 36

    5 ExtDef: Specifier ExtDecList error SEMI .

    $default  reduce using rule 5 (ExtDef)


状态 37

   24 VarDec: ID .

    $default  reduce using rule 24 (VarDec)


状态 38

   14 ExtDecList: VarDec COMMA ExtDecList .

    $default  reduce using rule 14 (ExtDecList)


状态 39

   25 VarDec: VarDec LB INT . RB

    RB  shift, and go to state 56


状态 40

   10 ExtDef: Specifier FunDec error LC .

    $default  reduce using rule 10 (ExtDef)


状态 41

   11 ExtDef: Specifier FunDec error RC .

    $default  reduce using rule 11 (ExtDef)


状态 42

   32 CompSt: LC DefList . StmtList RC

    error   shift, and go to state 57
    INT     shift, and go to state 58
    FLOAT   shift, and go to state 59
    ID      shift, and go to state 60
    MINUS   shift, and go to state 61
    NOT     shift, and go to state 62
    LP      shift, and go to state 63
    LC      shift, and go to state 27
    RETURN  shift, and go to state 64
    IF      shift, and go to state 65
    WHILE   shift, and go to state 66

    RC  reduce using rule 34 (StmtList)

    CompSt    转到状态 67
    StmtList  转到状态 68
    Stmt      转到状态 69
    Exp       转到状态 70


状态 43

   12 ExtDef: Specifier FunDec CompSt error .

    $default  reduce using rule 12 (ExtDef)


状态 44

   49 Def: Specifier error . DecList SEMI

    ID  shift, and go to state 37
    LB  shift, and go to state 45

    VarDec   转到状态 46
    DecList  转到状态 71
    Dec      转到状态 48


状态 45

   56 Dec: LB . error ASSIGNOP

    error  shift, and go to state 72


状态 46

   25 VarDec: VarDec . LB INT RB
   54 Dec: VarDec .
   55    | VarDec . ASSIGNOP Exp
   57    | VarDec . ASSIGNOP error SEMI

    ASSIGNOP  shift, and go to state 73
    LB        shift, and go to state 25

    $default  reduce using rule 54 (Dec)


状态 47

   48 Def: Specifier DecList . SEMI
   50    | Specifier DecList . error SEMI

    error  shift, and go to state 74
    SEMI   shift, and go to state 75


状态 48

   51 DecList: Dec .
   52        | Dec . COMMA DecList
   53        | Dec . error

    error  shift, and go to state 76
    COMMA  shift, and go to state 77

    error  [reduce using rule 51 (DecList)]
    SEMI   reduce using rule 51 (DecList)


状态 49

   20 StructSpecifier: STRUCT OptTag LC DefList error .

    $default  reduce using rule 20 (StructSpecifier)


状态 50

   17 StructSpecifier: STRUCT OptTag LC DefList RC .

    $default  reduce using rule 17 (StructSpecifier)


状态 51

   46 DefList: Def DefList .

    $default  reduce using rule 46 (DefList)


状态 52

   25 VarDec: VarDec . LB INT RB
   31 ParamDec: Specifier VarDec .

    LB  shift, and go to state 25

    $default  reduce using rule 31 (ParamDec)


状态 53

   28 FunDec: ID LP VarList error .

    $default  reduce using rule 28 (FunDec)


状态 54

   26 FunDec: ID LP VarList RP .

    $default  reduce using rule 26 (FunDec)


状态 55

   29 VarList: ParamDec COMMA . VarList

    TYPE    shift, and go to state 1
    STRUCT  shift, and go to state 2

    Specifier        转到状态 33
    StructSpecifier  转到状态 7
    VarList          转到状态 78
    ParamDec         转到状态 35


状态 56

   25 VarDec: VarDec LB INT RB .

    $default  reduce using rule 25 (VarDec)


状态 57

   36 Stmt: error . RC
   45     | error . SEMI

    SEMI  shift, and go to state 79
    RC    shift, and go to state 80


状态 58

   75 Exp: INT .

    $default  reduce using rule 75 (Exp)


状态 59

   76 Exp: FLOAT .

    $default  reduce using rule 76 (Exp)


状态 60

   69 Exp: ID . LP Args RP
   70    | ID . LP RP
   71    | ID . LP error
   74    | ID .

    LP  shift, and go to state 81

    $default  reduce using rule 74 (Exp)


状态 61

   67 Exp: MINUS . Exp

    INT    shift, and go to state 58
    FLOAT  shift, and go to state 59
    ID     shift, and go to state 60
    MINUS  shift, and go to state 61
    NOT    shift, and go to state 62
    LP     shift, and go to state 63

    Exp  转到状态 82


状态 62

   68 Exp: NOT . Exp

    INT    shift, and go to state 58
    FLOAT  shift, and go to state 59
    ID     shift, and go to state 60
    MINUS  shift, and go to state 61
    NOT    shift, and go to state 62
    LP     shift, and go to state 63

    Exp  转到状态 83


状态 63

   66 Exp: LP . Exp RP

    INT    shift, and go to state 58
    FLOAT  shift, and go to state 59
    ID     shift, and go to state 60
    MINUS  shift, and go to state 61
    NOT    shift, and go to state 62
    LP     shift, and go to state 63

    Exp  转到状态 84


状态 64

   38 Stmt: RETURN . Exp SEMI
   39     | RETURN . Exp error

    INT    shift, and go to state 58
    FLOAT  shift, and go to state 59
    ID     shift, and go to state 60
    MINUS  shift, and go to state 61
    NOT    shift, and go to state 62
    LP     shift, and go to state 63

    Exp  转到状态 85


状态 65

   40 Stmt: IF . LP Exp RP Stmt
   41     | IF . LP Exp RP Stmt ELSE Stmt
   42     | IF . LP Exp error Stmt ELSE Stmt

    LP  shift, and go to state 86


状态 66

   43 Stmt: WHILE . LP Exp RP Stmt
   44     | WHILE . LP Exp error Stmt

    LP  shift, and go to state 87


状态 67

   37 Stmt: CompSt .

    $default  reduce using rule 37 (Stmt)


状态 68

   32 CompSt: LC DefList StmtList . RC

    RC  shift, and go to state 88


状态 69

   33 StmtList: Stmt . StmtList

    error   shift, and go to state 57
    INT     shift, and go to state 58
    FLOAT   shift, and go to state 59
    ID      shift, and go to state 60
    MINUS   shift, and go to state 61
    NOT     shift, and go to state 62
    LP      shift, and go to state 63
    LC      shift, and go to state 27
    RETURN  shift, and go to state 64
    IF      shift, and go to state 65
    WHILE   shift, and go to state 66

    RC  reduce using rule 34 (StmtList)

    CompSt    转到状态 67
    StmtList  转到状态 89
    Stmt      转到状态 69
    Exp       转到状态 70


状态 70

   35 Stmt: Exp . SEMI
   58 Exp: Exp . ASSIGNOP Exp
   59    | Exp . AND Exp
   60    | Exp . OR Exp
   61    | Exp . RELOP Exp
   62    | Exp . PLUS Exp
   63    | Exp . MINUS Exp
   64    | Exp . STAR Exp
   65    | Exp . DIV Exp
   72    | Exp . LB Exp RB
   73    | Exp . DOT ID

    PLUS      shift, and go to state 90
    MINUS     shift, and go to state 91
    STAR      shift, and go to state 92
    DIV       shift, and go to state 93
    AND       shift, and go to state 94
    OR        shift, and go to state 95
    DOT       shift, and go to state 96
    RELOP     shift, and go to state 97
    SEMI      shift, and go to state 98
    ASSIGNOP  shift, and go to state 99
    LB        shift, and go to state 100


状态 71

   49 Def: Specifier error DecList . SEMI

    SEMI  shift, and go to state 101


状态 72

   56 Dec: LB error . ASSIGNOP

    ASSIGNOP  shift, and go to state 102


状态 73

   55 Dec: VarDec ASSIGNOP . Exp
   57    | VarDec ASSIGNOP . error SEMI

    error  shift, and go to state 103
    INT    shift, and go to state 58
    FLOAT  shift, and go to state 59
    ID     shift, and go to state 60
    MINUS  shift, and go to state 61
    NOT    shift, and go to state 62
    LP     shift, and go to state 63

    Exp  转到状态 104


状态 74

   50 Def: Specifier DecList error . SEMI

    SEMI  shift, and go to state 105


状态 75

   48 Def: Specifier DecList SEMI .

    $default  reduce using rule 48 (Def)


状态 76

   53 DecList: Dec error .

    $default  reduce using rule 53 (DecList)


状态 77

   52 DecList: Dec COMMA . DecList

    ID  shift, and go to state 37
    LB  shift, and go to state 45

    VarDec   转到状态 46
    DecList  转到状态 106
    Dec      转到状态 48


状态 78

   29 VarList: ParamDec COMMA VarList .

    $default  reduce using rule 29 (VarList)


状态 79

   45 Stmt: error SEMI .

    $default  reduce using rule 45 (Stmt)


状态 80

   36 Stmt: error RC .

    $default  reduce using rule 36 (Stmt)


状态 81

   69 Exp: ID LP . Args RP
   70    | ID LP . RP
   71    | ID LP . error

    error  shift, and go to state 107
    INT    shift, and go to state 58
    FLOAT  shift, and go to state 59
    ID     shift, and go to state 60
    MINUS  shift, and go to state 61
    NOT    shift, and go to state 62
    LP     shift, and go to state 63
    RP     shift, and go to state 108

    Exp   转到状态 109
    Args  转到状态 110


状态 82

   58 Exp: Exp . ASSIGNOP Exp
   59    | Exp . AND Exp
   60    | Exp . OR Exp
   61    | Exp . RELOP Exp
   62    | Exp . PLUS Exp
   63    | Exp . MINUS Exp
   64    | Exp . STAR Exp
   65    | Exp . DIV Exp
   67    | MINUS Exp .
   72    | Exp . LB Exp RB
   73    | Exp . DOT ID

    STAR  shift, and go to state 92
    DIV   shift, and go to state 93
    DOT   shift, and go to state 96
    LB    shift, and go to state 100

    $default  reduce using rule 67 (Exp)


状态 83

   58 Exp: Exp . ASSIGNOP Exp
   59    | Exp . AND Exp
   60    | Exp . OR Exp
   61    | Exp . RELOP Exp
   62    | Exp . PLUS Exp
   63    | Exp . MINUS Exp
   64    | Exp . STAR Exp
   65    | Exp . DIV Exp
   68    | NOT Exp .
   72    | Exp . LB Exp RB
   73    | Exp . DOT ID

    DOT  shift, and go to state 96
    LB   shift, and go to state 100

    $default  reduce using rule 68 (Exp)


状态 84

   58 Exp: Exp . ASSIGNOP Exp
   59    | Exp . AND Exp
   60    | Exp . OR Exp
   61    | Exp . RELOP Exp
   62    | Exp . PLUS Exp
   63    | Exp . MINUS Exp
   64    | Exp . STAR Exp
   65    | Exp . DIV Exp
   66    | LP Exp . RP
   72    | Exp . LB Exp RB
   73    | Exp . DOT ID

    PLUS      shift, and go to state 90
    MINUS     shift, and go to state 91
    STAR      shift, and go to state 92
    DIV       shift, and go to state 93
    AND       shift, and go to state 94
    OR        shift, and go to state 95
    DOT       shift, and go to state 96
    RELOP     shift, and go to state 97
    ASSIGNOP  shift, and go to state 99
    RP        shift, and go to state 111
    LB        shift, and go to state 100


状态 85

   38 Stmt: RETURN Exp . SEMI
   39     | RETURN Exp . error
   58 Exp: Exp . ASSIGNOP Exp
   59    | Exp . AND Exp
   60    | Exp . OR Exp
   61    | Exp . RELOP Exp
   62    | Exp . PLUS Exp
   63    | Exp . MINUS Exp
   64    | Exp . STAR Exp
   65    | Exp . DIV Exp
   72    | Exp . LB Exp RB
   73    | Exp . DOT ID

    error     shift, and go to state 112
    PLUS      shift, and go to state 90
    MINUS     shift, and go to state 91
    STAR      shift, and go to state 92
    DIV       shift, and go to state 93
    AND       shift, and go to state 94
    OR        shift, and go to state 95
    DOT       shift, and go to state 96
    RELOP     shift, and go to state 97
    SEMI      shift, and go to state 113
    ASSIGNOP  shift, and go to state 99
    LB        shift, and go to state 100


状态 86

   40 Stmt: IF LP . Exp RP Stmt
   41     | IF LP . Exp RP Stmt ELSE Stmt
   42     | IF LP . Exp error Stmt ELSE Stmt

    INT    shift, and go to state 58
    FLOAT  shift, and go to state 59
    ID     shift, and go to state 60
    MINUS  shift, and go to state 61
    NOT    shift, and go to state 62
    LP     shift, and go to state 63

    Exp  转到状态 114


状态 87

   43 Stmt: WHILE LP . Exp RP Stmt
   44     | WHILE LP . Exp error Stmt

    INT    shift, and go to state 58
    FLOAT  shift, and go to state 59
    ID     shift, and go to state 60
    MINUS  shift, and go to state 61
    NOT    shift, and go to state 62
    LP     shift, and go to state 63

    Exp  转到状态 115


状态 88

   32 CompSt: LC DefList StmtList RC .

    $default  reduce using rule 32 (CompSt)


状态 89

   33 StmtList: Stmt StmtList .

    $default  reduce using rule 33 (StmtList)


状态 90

   62 Exp: Exp PLUS . Exp

    INT    shift, and go to state 58
    FLOAT  shift, and go to state 59
    ID     shift, and go to state 60
    MINUS  shift, and go to state 61
    NOT    shift, and go to state 62
    LP     shift, and go to state 63

    Exp  转到状态 116


状态 91

   63 Exp: Exp MINUS . Exp

    INT    shift, and go to state 58
    FLOAT  shift, and go to state 59
    ID     shift, and go to state 60
    MINUS  shift, and go to state 61
    NOT    shift, and go to state 62
    LP     shift, and go to state 63

    Exp  转到状态 117


状态 92

   64 Exp: Exp STAR . Exp

    INT    shift, and go to state 58
    FLOAT  shift, and go to state 59
    ID     shift, and go to state 60
    MINUS  shift, and go to state 61
    NOT    shift, and go to state 62
    LP     shift, and go to state 63

    Exp  转到状态 118


状态 93

   65 Exp: Exp DIV . Exp

    INT    shift, and go to state 58
    FLOAT  shift, and go to state 59
    ID     shift, and go to state 60
    MINUS  shift, and go to state 61
    NOT    shift, and go to state 62
    LP     shift, and go to state 63

    Exp  转到状态 119


状态 94

   59 Exp: Exp AND . Exp

    INT    shift, and go to state 58
    FLOAT  shift, and go to state 59
    ID     shift, and go to state 60
    MINUS  shift, and go to state 61
    NOT    shift, and go to state 62
    LP     shift, and go to state 63

    Exp  转到状态 120


状态 95

   60 Exp: Exp OR . Exp

    INT    shift, and go to state 58
    FLOAT  shift, and go to state 59
    ID     shift, and go to state 60
    MINUS  shift, and go to state 61
    NOT    shift, and go to state 62
    LP     shift, and go to state 63

    Exp  转到状态 121


状态 96

   73 Exp: Exp DOT . ID

    ID  shift, and go to state 122


状态 97

   61 Exp: Exp RELOP . Exp

    INT    shift, and go to state 58
    FLOAT  shift, and go to state 59
    ID     shift, and go to state 60
    MINUS  shift, and go to state 61
    NOT    shift, and go to state 62
    LP     shift, and go to state 63

    Exp  转到状态 123


状态 98

   35 Stmt: Exp SEMI .

    $default  reduce using rule 35 (Stmt)


状态 99

   58 Exp: Exp ASSIGNOP . Exp

    INT    shift, and go to state 58
    FLOAT  shift, and go to state 59
    ID     shift, and go to state 60
    MINUS  shift, and go to state 61
    NOT    shift, and go to state 62
    LP     shift, and go to state 63

    Exp  转到状态 124


状态 100

   72 Exp: Exp LB . Exp RB

    INT    shift, and go to state 58
    FLOAT  shift, and go to state 59
    ID     shift, and go to state 60
    MINUS  shift, and go to state 61
    NOT    shift, and go to state 62
    LP     shift, and go to state 63

    Exp  转到状态 125


状态 101

   49 Def: Specifier error DecList SEMI .

    $default  reduce using rule 49 (Def)


状态 102

   56 Dec: LB error ASSIGNOP .

    $default  reduce using rule 56 (Dec)


状态 103

   57 Dec: VarDec ASSIGNOP error . SEMI

    SEMI  shift, and go to state 126


状态 104

   55 Dec: VarDec ASSIGNOP Exp .
   58 Exp: Exp . ASSIGNOP Exp
   59    | Exp . AND Exp
   60    | Exp . OR Exp
   61    | Exp . RELOP Exp
   62    | Exp . PLUS Exp
   63    | Exp . MINUS Exp
   64    | Exp . STAR Exp
   65    | Exp . DIV Exp
   72    | Exp . LB Exp RB
   73    | Exp . DOT ID

    PLUS      shift, and go to state 90
    MINUS     shift, and go to state 91
    STAR      shift, and go to state 92
    DIV       shift, and go to state 93
    AND       shift, and go to state 94
    OR        shift, and go to state 95
    DOT       shift, and go to state 96
    RELOP     shift, and go to state 97
    ASSIGNOP  shift, and go to state 99
    LB        shift, and go to state 100

    $default  reduce using rule 55 (Dec)


状态 105

   50 Def: Specifier DecList error SEMI .

    $default  reduce using rule 50 (Def)


状态 106

   52 DecList: Dec COMMA DecList .

    $default  reduce using rule 52 (DecList)


状态 107

   71 Exp: ID LP error .

    $default  reduce using rule 71 (Exp)


状态 108

   70 Exp: ID LP RP .

    $default  reduce using rule 70 (Exp)


状态 109

   58 Exp: Exp . ASSIGNOP Exp
   59    | Exp . AND Exp
   60    | Exp . OR Exp
   61    | Exp . RELOP Exp
   62    | Exp . PLUS Exp
   63    | Exp . MINUS Exp
   64    | Exp . STAR Exp
   65    | Exp . DIV Exp
   72    | Exp . LB Exp RB
   73    | Exp . DOT ID
   77 Args: Exp . COMMA Args
   78     | Exp .
   79     | Exp . error

    error     shift, and go to state 127
    PLUS      shift, and go to state 90
    MINUS     shift, and go to state 91
    STAR      shift, and go to state 92
    DIV       shift, and go to state 93
    AND       shift, and go to state 94
    OR        shift, and go to state 95
    DOT       shift, and go to state 96
    RELOP     shift, and go to state 97
    COMMA     shift, and go to state 128
    ASSIGNOP  shift, and go to state 99
    LB        shift, and go to state 100

    RP  reduce using rule 78 (Args)


状态 110

   69 Exp: ID LP Args . RP

    RP  shift, and go to state 129


状态 111

   66 Exp: LP Exp RP .

    $default  reduce using rule 66 (Exp)


状态 112

   39 Stmt: RETURN Exp error .

    $default  reduce using rule 39 (Stmt)


状态 113

   38 Stmt: RETURN Exp SEMI .

    $default  reduce using rule 38 (Stmt)


状态 114

   40 Stmt: IF LP Exp . RP Stmt
   41     | IF LP Exp . RP Stmt ELSE Stmt
   42     | IF LP Exp . error Stmt ELSE Stmt
   58 Exp: Exp . ASSIGNOP Exp
   59    | Exp . AND Exp
   60    | Exp . OR Exp
   61    | Exp . RELOP Exp
   62    | Exp . PLUS Exp
   63    | Exp . MINUS Exp
   64    | Exp . STAR Exp
   65    | Exp . DIV Exp
   72    | Exp . LB Exp RB
   73    | Exp . DOT ID

    error     shift, and go to state 130
    PLUS      shift, and go to state 90
    MINUS     shift, and go to state 91
    STAR      shift, and go to state 92
    DIV       shift, and go to state 93
    AND       shift, and go to state 94
    OR        shift, and go to state 95
    DOT       shift, and go to state 96
    RELOP     shift, and go to state 97
    ASSIGNOP  shift, and go to state 99
    RP        shift, and go to state 131
    LB        shift, and go to state 100


状态 115

   43 Stmt: WHILE LP Exp . RP Stmt
   44     | WHILE LP Exp . error Stmt
   58 Exp: Exp . ASSIGNOP Exp
   59    | Exp . AND Exp
   60    | Exp . OR Exp
   61    | Exp . RELOP Exp
   62    | Exp . PLUS Exp
   63    | Exp . MINUS Exp
   64    | Exp . STAR Exp
   65    | Exp . DIV Exp
   72    | Exp . LB Exp RB
   73    | Exp . DOT ID

    error     shift, and go to state 132
    PLUS      shift, and go to state 90
    MINUS     shift, and go to state 91
    STAR      shift, and go to state 92
    DIV       shift, and go to state 93
    AND       shift, and go to state 94
    OR        shift, and go to state 95
    DOT       shift, and go to state 96
    RELOP     shift, and go to state 97
    ASSIGNOP  shift, and go to state 99
    RP        shift, and go to state 133
    LB        shift, and go to state 100


状态 116

   58 Exp: Exp . ASSIGNOP Exp
   59    | Exp . AND Exp
   60    | Exp . OR Exp
   61    | Exp . RELOP Exp
   62    | Exp . PLUS Exp
   62    | Exp PLUS Exp .
   63    | Exp . MINUS Exp
   64    | Exp . STAR Exp
   65    | Exp . DIV Exp
   72    | Exp . LB Exp RB
   73    | Exp . DOT ID

    STAR  shift, and go to state 92
    DIV   shift, and go to state 93
    DOT   shift, and go to state 96
    LB    shift, and go to state 100

    $default  reduce using rule 62 (Exp)


状态 117

   58 Exp: Exp . ASSIGNOP Exp
   59    | Exp . AND Exp
   60    | Exp . OR Exp
   61    | Exp . RELOP Exp
   62    | Exp . PLUS Exp
   63    | Exp . MINUS Exp
   63    | Exp MINUS Exp .
   64    | Exp . STAR Exp
   65    | Exp . DIV Exp
   72    | Exp . LB Exp RB
   73    | Exp . DOT ID

    STAR  shift, and go to state 92
    DIV   shift, and go to state 93
    DOT   shift, and go to state 96
    LB    shift, and go to state 100

    $default  reduce using rule 63 (Exp)


状态 118

   58 Exp: Exp . ASSIGNOP Exp
   59    | Exp . AND Exp
   60    | Exp . OR Exp
   61    | Exp . RELOP Exp
   62    | Exp . PLUS Exp
   63    | Exp . MINUS Exp
   64    | Exp . STAR Exp
   64    | Exp STAR Exp .
   65    | Exp . DIV Exp
   72    | Exp . LB Exp RB
   73    | Exp . DOT ID

    DOT  shift, and go to state 96
    LB   shift, and go to state 100

    $default  reduce using rule 64 (Exp)


状态 119

   58 Exp: Exp . ASSIGNOP Exp
   59    | Exp . AND Exp
   60    | Exp . OR Exp
   61    | Exp . RELOP Exp
   62    | Exp . PLUS Exp
   63    | Exp . MINUS Exp
   64    | Exp . STAR Exp
   65    | Exp . DIV Exp
   65    | Exp DIV Exp .
   72    | Exp . LB Exp RB
   73    | Exp . DOT ID

    DOT  shift, and go to state 96
    LB   shift, and go to state 100

    $default  reduce using rule 65 (Exp)


状态 120

   58 Exp: Exp . ASSIGNOP Exp
   59    | Exp . AND Exp
   59    | Exp AND Exp .
   60    | Exp . OR Exp
   61    | Exp . RELOP Exp
   62    | Exp . PLUS Exp
   63    | Exp . MINUS Exp
   64    | Exp . STAR Exp
   65    | Exp . DIV Exp
   72    | Exp . LB Exp RB
   73    | Exp . DOT ID

    PLUS   shift, and go to state 90
    MINUS  shift, and go to state 91
    STAR   shift, and go to state 92
    DIV    shift, and go to state 93
    DOT    shift, and go to state 96
    RELOP  shift, and go to state 97
    LB     shift, and go to state 100

    $default  reduce using rule 59 (Exp)


状态 121

   58 Exp: Exp . ASSIGNOP Exp
   59    | Exp . AND Exp
   60    | Exp . OR Exp
   60    | Exp OR Exp .
   61    | Exp . RELOP Exp
   62    | Exp . PLUS Exp
   63    | Exp . MINUS Exp
   64    | Exp . STAR Exp
   65    | Exp . DIV Exp
   72    | Exp . LB Exp RB
   73    | Exp . DOT ID

    PLUS   shift, and go to state 90
    MINUS  shift, and go to state 91
    STAR   shift, and go to state 92
    DIV    shift, and go to state 93
    AND    shift, and go to state 94
    DOT    shift, and go to state 96
    RELOP  shift, and go to state 97
    LB     shift, and go to state 100

    $default  reduce using rule 60 (Exp)


状态 122

   73 Exp: Exp DOT ID .

    $default  reduce using rule 73 (Exp)


状态 123

   58 Exp: Exp . ASSIGNOP Exp
   59    | Exp . AND Exp
   60    | Exp . OR Exp
   61    | Exp . RELOP Exp
   61    | Exp RELOP Exp .
   62    | Exp . PLUS Exp
   63    | Exp . MINUS Exp
   64    | Exp . STAR Exp
   65    | Exp . DIV Exp
   72    | Exp . LB Exp RB
   73    | Exp . DOT ID

    PLUS   shift, and go to state 90
    MINUS  shift, and go to state 91
    STAR   shift, and go to state 92
    DIV    shift, and go to state 93
    DOT    shift, and go to state 96
    LB     shift, and go to state 100

    $default  reduce using rule 61 (Exp)


状态 124

   58 Exp: Exp . ASSIGNOP Exp
   58    | Exp ASSIGNOP Exp .
   59    | Exp . AND Exp
   60    | Exp . OR Exp
   61    | Exp . RELOP Exp
   62    | Exp . PLUS Exp
   63    | Exp . MINUS Exp
   64    | Exp . STAR Exp
   65    | Exp . DIV Exp
   72    | Exp . LB Exp RB
   73    | Exp . DOT ID

    PLUS      shift, and go to state 90
    MINUS     shift, and go to state 91
    STAR      shift, and go to state 92
    DIV       shift, and go to state 93
    AND       shift, and go to state 94
    OR        shift, and go to state 95
    DOT       shift, and go to state 96
    RELOP     shift, and go to state 97
    ASSIGNOP  shift, and go to state 99
    LB        shift, and go to state 100

    $default  reduce using rule 58 (Exp)


状态 125

   58 Exp: Exp . ASSIGNOP Exp
   59    | Exp . AND Exp
   60    | Exp . OR Exp
   61    | Exp . RELOP Exp
   62    | Exp . PLUS Exp
   63    | Exp . MINUS Exp
   64    | Exp . STAR Exp
   65    | Exp . DIV Exp
   72    | Exp . LB Exp RB
   72    | Exp LB Exp . RB
   73    | Exp . DOT ID

    PLUS      shift, and go to state 90
    MINUS     shift, and go to state 91
    STAR      shift, and go to state 92
    DIV       shift, and go to state 93
    AND       shift, and go to state 94
    OR        shift, and go to state 95
    DOT       shift, and go to state 96
    RELOP     shift, and go to state 97
    ASSIGNOP  shift, and go to state 99
    LB        shift, and go to state 100
    RB        shift, and go to state 134


状态 126

   57 Dec: VarDec ASSIGNOP error SEMI .

    $default  reduce using rule 57 (Dec)


状态 127

   79 Args: Exp error .

    $default  reduce using rule 79 (Args)


状态 128

   77 Args: Exp COMMA . Args

    INT    shift, and go to state 58
    FLOAT  shift, and go to state 59
    ID     shift, and go to state 60
    MINUS  shift, and go to state 61
    NOT    shift, and go to state 62
    LP     shift, and go to state 63

    Exp   转到状态 109
    Args  转到状态 135


状态 129

   69 Exp: ID LP Args RP .

    $default  reduce using rule 69 (Exp)


状态 130

   42 Stmt: IF LP Exp error . Stmt ELSE Stmt

    error   shift, and go to state 57
    INT     shift, and go to state 58
    FLOAT   shift, and go to state 59
    ID      shift, and go to state 60
    MINUS   shift, and go to state 61
    NOT     shift, and go to state 62
    LP      shift, and go to state 63
    LC      shift, and go to state 27
    RETURN  shift, and go to state 64
    IF      shift, and go to state 65
    WHILE   shift, and go to state 66

    CompSt  转到状态 67
    Stmt    转到状态 136
    Exp     转到状态 70


状态 131

   40 Stmt: IF LP Exp RP . Stmt
   41     | IF LP Exp RP . Stmt ELSE Stmt

    error   shift, and go to state 57
    INT     shift, and go to state 58
    FLOAT   shift, and go to state 59
    ID      shift, and go to state 60
    MINUS   shift, and go to state 61
    NOT     shift, and go to state 62
    LP      shift, and go to state 63
    LC      shift, and go to state 27
    RETURN  shift, and go to state 64
    IF      shift, and go to state 65
    WHILE   shift, and go to state 66

    CompSt  转到状态 67
    Stmt    转到状态 137
    Exp     转到状态 70


状态 132

   44 Stmt: WHILE LP Exp error . Stmt

    error   shift, and go to state 57
    INT     shift, and go to state 58
    FLOAT   shift, and go to state 59
    ID      shift, and go to state 60
    MINUS   shift, and go to state 61
    NOT     shift, and go to state 62
    LP      shift, and go to state 63
    LC      shift, and go to state 27
    RETURN  shift, and go to state 64
    IF      shift, and go to state 65
    WHILE   shift, and go to state 66

    CompSt  转到状态 67
    Stmt    转到状态 138
    Exp     转到状态 70


状态 133

   43 Stmt: WHILE LP Exp RP . Stmt

    error   shift, and go to state 57
    INT     shift, and go to state 58
    FLOAT   shift, and go to state 59
    ID      shift, and go to state 60
    MINUS   shift, and go to state 61
    NOT     shift, and go to state 62
    LP      shift, and go to state 63
    LC      shift, and go to state 27
    RETURN  shift, and go to state 64
    IF      shift, and go to state 65
    WHILE   shift, and go to state 66

    CompSt  转到状态 67
    Stmt    转到状态 139
    Exp     转到状态 70


状态 134

   72 Exp: Exp LB Exp RB .

    $default  reduce using rule 72 (Exp)


状态 135

   77 Args: Exp COMMA Args .

    $default  reduce using rule 77 (Args)


状态 136

   42 Stmt: IF LP Exp error Stmt . ELSE Stmt

    ELSE  shift, and go to state 140


状态 137

   40 Stmt: IF LP Exp RP Stmt .
   41     | IF LP Exp RP Stmt . ELSE Stmt

    ELSE  shift, and go to state 141

    $default  reduce using rule 40 (Stmt)


状态 138

   44 Stmt: WHILE LP Exp error Stmt .

    $default  reduce using rule 44 (Stmt)


状态 139

   43 Stmt: WHILE LP Exp RP Stmt .

    $default  reduce using rule 43 (Stmt)


状态 140

   42 Stmt: IF LP Exp error Stmt ELSE . Stmt

    error   shift, and go to state 57
    INT     shift, and go to state 58
    FLOAT   shift, and go to state 59
    ID      shift, and go to state 60
    MINUS   shift, and go to state 61
    NOT     shift, and go to state 62
    LP      shift, and go to state 63
    LC      shift, and go to state 27
    RETURN  shift, and go to state 64
    IF      shift, and go to state 65
    WHILE   shift, and go to state 66

    CompSt  转到状态 67
    Stmt    转到状态 142
    Exp     转到状态 70


状态 141

   41 Stmt: IF LP Exp RP Stmt ELSE . Stmt

    error   shift, and go to state 57
    INT     shift, and go to state 58
    FLOAT   shift, and go to state 59
    ID      shift, and go to state 60
    MINUS   shift, and go to state 61
    NOT     shift, and go to state 62
    LP      shift, and go to state 63
    LC      shift, and go to state 27
    RETURN  shift, and go to state 64
    IF      shift, and go to state 65
    WHILE   shift, and go to state 66

    CompSt  转到状态 67
    Stmt    转到状态 143
    Exp     转到状态 70


状态 142

   42 Stmt: IF LP Exp error Stmt ELSE Stmt .

    $default  reduce using rule 42 (Stmt)


状态 143

   41 Stmt: IF LP Exp RP Stmt ELSE Stmt .

    $default  reduce using rule 41 (Stmt)
